[00:41:18.147][INFO][c.s.happyrmmall.mall.MallApplication][main] Starting MallApplication on LAPTOP-V4H9DOTD with PID 98868 (D:\code\happyrmmall-2.0.1\target\classes started by salmon in D:\code\happyrmmall-2.0.1)
[00:41:18.151][INFO][c.s.happyrmmall.mall.MallApplication][main] No active profile set, falling back to default profiles: default
[00:41:22.988][INFO][c.s.happyrmmall.mall.MallApplication][main] Started MallApplication in 5.277 seconds (JVM running for 7.298)
[00:52:39.436][INFO][c.s.h.mall.MallApplicationTests][main] Starting MallApplicationTests on LAPTOP-V4H9DOTD with PID 99784 (started by salmon in D:\code\happyrmmall-2.0.1)
[00:52:39.436][INFO][c.s.h.mall.MallApplicationTests][main] No active profile set, falling back to default profiles: default
[00:52:45.045][INFO][c.s.h.mall.MallApplicationTests][main] Started MallApplicationTests in 5.917 seconds (JVM running for 7.356)
[01:02:15.182][INFO][c.s.h.mall.MallApplicationTests][main] Starting MallApplicationTests on LAPTOP-V4H9DOTD with PID 98064 (started by salmon in D:\code\happyrmmall-2.0.1)
[01:02:15.183][INFO][c.s.h.mall.MallApplicationTests][main] No active profile set, falling back to default profiles: default
[01:02:20.627][INFO][c.s.h.mall.MallApplicationTests][main] Started MallApplicationTests in 5.817 seconds (JVM running for 7.227)
[01:20:36.632][INFO][c.s.h.mall.MallApplicationTests][main] Starting MallApplicationTests on LAPTOP-V4H9DOTD with PID 98572 (started by salmon in D:\code\happyrmmall-2.0.1)
[01:20:36.633][INFO][c.s.h.mall.MallApplicationTests][main] No active profile set, falling back to default profiles: default
[01:20:42.121][INFO][c.s.h.mall.MallApplicationTests][main] Started MallApplicationTests in 5.875 seconds (JVM running for 7.368)
[01:58:01.429][INFO][c.s.h.mall.MallApplicationTests][main] Starting MallApplicationTests on LAPTOP-V4H9DOTD with PID 98292 (started by salmon in D:\code\happyrmmall-2.0.1)
[01:58:01.429][INFO][c.s.h.mall.MallApplicationTests][main] No active profile set, falling back to default profiles: default
[01:58:04.871][INFO][c.s.happyrmmall.mall.MallApplication][main] Starting MallApplication on LAPTOP-V4H9DOTD with PID 100044 (D:\code\happyrmmall-2.0.1\target\classes started by salmon in D:\code\happyrmmall-2.0.1)
[01:58:04.871][INFO][c.s.happyrmmall.mall.MallApplication][main] No active profile set, falling back to default profiles: default
[01:58:07.625][INFO][c.s.h.mall.MallApplicationTests][main] Started MallApplicationTests in 6.545 seconds (JVM running for 8.134)
[01:58:09.354][INFO][c.s.happyrmmall.mall.MallApplication][main] Started MallApplication in 4.925 seconds (JVM running for 6.962)
[01:59:38.335][DEBUG][c.s.h.mall.dao.UserMapper.checkUsername][http-nio-8080-exec-1] ==>  Preparing: select count(1) from rmmall_user where username = ? 
[01:59:38.353][DEBUG][c.s.h.mall.dao.UserMapper.checkUsername][http-nio-8080-exec-1] ==> Parameters: salmon(String)
[01:59:38.386][DEBUG][c.s.h.mall.dao.UserMapper.checkUsername][http-nio-8080-exec-1] <==      Total: 1
[01:59:38.396][DEBUG][c.s.h.mall.dao.UserMapper.selectLogin][http-nio-8080-exec-1] ==>  Preparing: SELECT id, username, password, email, phone, question, answer, role, create_time, update_time from rmmall_user where username = ? and password = ? 
[01:59:38.396][DEBUG][c.s.h.mall.dao.UserMapper.selectLogin][http-nio-8080-exec-1] ==> Parameters: salmon(String), 5B34BF4B65B9CF4A0734F2F7B50D08A9(String)
[01:59:38.400][DEBUG][c.s.h.mall.dao.UserMapper.selectLogin][http-nio-8080-exec-1] <==      Total: 1
[02:02:31.586][DEBUG][c.s.h.mall.dao.UserMapper.checkAnswer][http-nio-8080-exec-4] ==>  Preparing: SELECT count(1) from rmmall_user where username=? and question=? and answer=? 
[02:02:31.586][DEBUG][c.s.h.mall.dao.UserMapper.checkAnswer][http-nio-8080-exec-4] ==> Parameters: salmon(String), 这是一个新的问题(String), 这是一个新的答案(String)
[02:02:31.587][DEBUG][c.s.h.mall.dao.UserMapper.checkAnswer][http-nio-8080-exec-4] <==      Total: 1
[02:03:42.293][DEBUG][c.s.h.mall.dao.UserMapper.checkUsername][http-nio-8080-exec-6] ==>  Preparing: select count(1) from rmmall_user where username = ? 
[02:03:42.293][DEBUG][c.s.h.mall.dao.UserMapper.checkUsername][http-nio-8080-exec-6] ==> Parameters: salmon(String)
[02:03:42.294][DEBUG][c.s.h.mall.dao.UserMapper.checkUsername][http-nio-8080-exec-6] <==      Total: 1
[02:03:42.297][DEBUG][c.s.h.m.d.U.updatePasswordByUsername][http-nio-8080-exec-6] ==>  Preparing: update rmmall_user SET password = ?,update_time = now() where username = ? 
[02:03:42.298][DEBUG][c.s.h.m.d.U.updatePasswordByUsername][http-nio-8080-exec-6] ==> Parameters: 5B34BF4B65B9CF4A0734F2F7B50D08A9(String), salmon(String)
[02:03:42.323][DEBUG][c.s.h.m.d.U.updatePasswordByUsername][http-nio-8080-exec-6] <==    Updates: 1
[23:11:38.790][INFO][c.s.happyrmmall.mall.MallApplication][main] Starting MallApplication on LAPTOP-V4H9DOTD with PID 3764 (D:\code\happyrmmall-2.0.1\target\classes started by salmon in D:\code\happyrmmall-2.0.1)
[23:11:38.791][INFO][c.s.happyrmmall.mall.MallApplication][main] No active profile set, falling back to default profiles: default
[23:11:46.932][INFO][c.s.happyrmmall.mall.MallApplication][main] Started MallApplication in 8.64 seconds (JVM running for 11.119)
[23:12:15.514][DEBUG][c.s.h.mall.dao.UserMapper.checkUsername][http-nio-8080-exec-7] ==>  Preparing: select count(1) from rmmall_user where username = ? 
[23:12:15.533][DEBUG][c.s.h.mall.dao.UserMapper.checkUsername][http-nio-8080-exec-7] ==> Parameters: salmon(String)
[23:12:15.560][DEBUG][c.s.h.mall.dao.UserMapper.checkUsername][http-nio-8080-exec-7] <==      Total: 1
[23:12:15.569][DEBUG][c.s.h.mall.dao.UserMapper.selectLogin][http-nio-8080-exec-7] ==>  Preparing: SELECT id, username, password, email, phone, question, answer, role, create_time, update_time from rmmall_user where username = ? and password = ? 
[23:12:15.570][DEBUG][c.s.h.mall.dao.UserMapper.selectLogin][http-nio-8080-exec-7] ==> Parameters: salmon(String), 5B34BF4B65B9CF4A0734F2F7B50D08A9(String)
[23:12:15.573][DEBUG][c.s.h.mall.dao.UserMapper.selectLogin][http-nio-8080-exec-7] <==      Total: 1
[23:19:26.358][INFO][c.s.happyrmmall.mall.MallApplication][main] Starting MallApplication on LAPTOP-V4H9DOTD with PID 66228 (D:\code\happyrmmall-2.0.1\target\classes started by salmon in D:\code\happyrmmall-2.0.1)
[23:19:26.358][INFO][c.s.happyrmmall.mall.MallApplication][main] No active profile set, falling back to default profiles: default
[23:19:33.080][INFO][c.s.happyrmmall.mall.MallApplication][main] Started MallApplication in 7.1 seconds (JVM running for 8.915)
[23:19:48.227][DEBUG][c.s.h.mall.dao.UserMapper.checkUsername][http-nio-8080-exec-1] ==>  Preparing: select count(1) from rmmall_user where username = ? 
[23:19:48.246][DEBUG][c.s.h.mall.dao.UserMapper.checkUsername][http-nio-8080-exec-1] ==> Parameters: salmon(String)
[23:19:48.271][DEBUG][c.s.h.mall.dao.UserMapper.checkUsername][http-nio-8080-exec-1] <==      Total: 1
[23:19:48.280][DEBUG][c.s.h.mall.dao.UserMapper.selectLogin][http-nio-8080-exec-1] ==>  Preparing: SELECT id, username, password, email, phone, question, answer, role, create_time, update_time from rmmall_user where username = ? and password = ? 
[23:19:48.280][DEBUG][c.s.h.mall.dao.UserMapper.selectLogin][http-nio-8080-exec-1] ==> Parameters: salmon(String), 5B34BF4B65B9CF4A0734F2F7B50D08A9(String)
[23:19:48.284][DEBUG][c.s.h.mall.dao.UserMapper.selectLogin][http-nio-8080-exec-1] <==      Total: 1
[23:20:40.250][DEBUG][c.s.h.mall.dao.UserMapper.checkUsername][http-nio-8080-exec-3] ==>  Preparing: select count(1) from rmmall_user where username = ? 
[23:20:40.250][DEBUG][c.s.h.mall.dao.UserMapper.checkUsername][http-nio-8080-exec-3] ==> Parameters: salmon(String)
[23:20:40.251][DEBUG][c.s.h.mall.dao.UserMapper.checkUsername][http-nio-8080-exec-3] <==      Total: 1
[23:20:40.252][DEBUG][c.s.h.mall.dao.UserMapper.selectLogin][http-nio-8080-exec-3] ==>  Preparing: SELECT id, username, password, email, phone, question, answer, role, create_time, update_time from rmmall_user where username = ? and password = ? 
[23:20:40.252][DEBUG][c.s.h.mall.dao.UserMapper.selectLogin][http-nio-8080-exec-3] ==> Parameters: salmon(String), 5B34BF4B65B9CF4A0734F2F7B50D08A9(String)
[23:20:40.254][DEBUG][c.s.h.mall.dao.UserMapper.selectLogin][http-nio-8080-exec-3] <==      Total: 1
[23:21:13.250][INFO][c.s.happyrmmall.mall.MallApplication][main] Starting MallApplication on LAPTOP-V4H9DOTD with PID 100444 (D:\code\happyrmmall-2.0.1\target\classes started by salmon in D:\code\happyrmmall-2.0.1)
[23:21:13.250][INFO][c.s.happyrmmall.mall.MallApplication][main] No active profile set, falling back to default profiles: default
[23:21:19.953][INFO][c.s.happyrmmall.mall.MallApplication][main] Started MallApplication in 7.131 seconds (JVM running for 8.938)
[23:21:37.076][DEBUG][c.s.h.mall.dao.UserMapper.checkUsername][http-nio-8080-exec-1] ==>  Preparing: select count(1) from rmmall_user where username = ? 
[23:21:37.094][DEBUG][c.s.h.mall.dao.UserMapper.checkUsername][http-nio-8080-exec-1] ==> Parameters: salmon(String)
[23:21:37.113][DEBUG][c.s.h.mall.dao.UserMapper.checkUsername][http-nio-8080-exec-1] <==      Total: 1
[23:21:37.122][DEBUG][c.s.h.mall.dao.UserMapper.selectLogin][http-nio-8080-exec-1] ==>  Preparing: SELECT id, username, password, email, phone, question, answer, role, create_time, update_time from rmmall_user where username = ? and password = ? 
[23:21:37.122][DEBUG][c.s.h.mall.dao.UserMapper.selectLogin][http-nio-8080-exec-1] ==> Parameters: salmon(String), 5B34BF4B65B9CF4A0734F2F7B50D08A9(String)
[23:21:37.125][DEBUG][c.s.h.mall.dao.UserMapper.selectLogin][http-nio-8080-exec-1] <==      Total: 1
[23:21:45.310][DEBUG][c.s.h.mall.dao.UserMapper.checkUsername][http-nio-8080-exec-2] ==>  Preparing: select count(1) from rmmall_user where username = ? 
[23:21:45.310][DEBUG][c.s.h.mall.dao.UserMapper.checkUsername][http-nio-8080-exec-2] ==> Parameters: salmon(String)
[23:21:45.311][DEBUG][c.s.h.mall.dao.UserMapper.checkUsername][http-nio-8080-exec-2] <==      Total: 1
[23:21:45.312][DEBUG][c.s.h.mall.dao.UserMapper.selectLogin][http-nio-8080-exec-2] ==>  Preparing: SELECT id, username, password, email, phone, question, answer, role, create_time, update_time from rmmall_user where username = ? and password = ? 
[23:21:45.312][DEBUG][c.s.h.mall.dao.UserMapper.selectLogin][http-nio-8080-exec-2] ==> Parameters: salmon(String), 5B34BF4B65B9CF4A0734F2F7B50D08A9(String)
[23:21:45.315][DEBUG][c.s.h.mall.dao.UserMapper.selectLogin][http-nio-8080-exec-2] <==      Total: 1
[23:23:45.598][INFO][c.s.happyrmmall.mall.MallApplication][main] Starting MallApplication on LAPTOP-V4H9DOTD with PID 33728 (D:\code\happyrmmall-2.0.1\target\classes started by salmon in D:\code\happyrmmall-2.0.1)
[23:23:45.598][INFO][c.s.happyrmmall.mall.MallApplication][main] No active profile set, falling back to default profiles: default
[23:23:56.844][INFO][c.s.happyrmmall.mall.MallApplication][main] Started MallApplication in 11.707 seconds (JVM running for 13.887)
[23:24:11.169][DEBUG][c.s.h.mall.dao.UserMapper.checkUsername][http-nio-8080-exec-1] ==>  Preparing: select count(1) from rmmall_user where username = ? 
[23:24:11.218][DEBUG][c.s.h.mall.dao.UserMapper.checkUsername][http-nio-8080-exec-1] ==> Parameters: salmon(String)
[23:24:11.261][DEBUG][c.s.h.mall.dao.UserMapper.checkUsername][http-nio-8080-exec-1] <==      Total: 1
[23:24:11.276][DEBUG][c.s.h.mall.dao.UserMapper.selectLogin][http-nio-8080-exec-1] ==>  Preparing: SELECT id, username, password, email, phone, question, answer, role, create_time, update_time from rmmall_user where username = ? and password = ? 
[23:24:11.276][DEBUG][c.s.h.mall.dao.UserMapper.selectLogin][http-nio-8080-exec-1] ==> Parameters: salmon(String), 5B34BF4B65B9CF4A0734F2F7B50D08A9(String)
[23:24:11.280][DEBUG][c.s.h.mall.dao.UserMapper.selectLogin][http-nio-8080-exec-1] <==      Total: 1
[23:28:25.019][INFO][c.s.happyrmmall.mall.MallApplication][main] Starting MallApplication on LAPTOP-V4H9DOTD with PID 100816 (D:\code\happyrmmall-2.0.1\target\classes started by salmon in D:\code\happyrmmall-2.0.1)
[23:28:25.020][INFO][c.s.happyrmmall.mall.MallApplication][main] No active profile set, falling back to default profiles: default
[23:28:30.233][INFO][c.s.happyrmmall.mall.MallApplication][main] Starting MallApplication on LAPTOP-V4H9DOTD with PID 101320 (D:\code\happyrmmall-2.0.1\target\classes started by salmon in D:\code\happyrmmall-2.0.1)
[23:28:30.234][INFO][c.s.happyrmmall.mall.MallApplication][main] No active profile set, falling back to default profiles: default
[23:28:40.854][INFO][c.s.happyrmmall.mall.MallApplication][main] Started MallApplication in 11.068 seconds (JVM running for 12.905)
[23:31:29.942][DEBUG][c.s.h.mall.dao.UserMapper.checkUsername][http-nio-8080-exec-1] ==>  Preparing: select count(1) from rmmall_user where username = ? 
[23:31:29.979][DEBUG][c.s.h.mall.dao.UserMapper.checkUsername][http-nio-8080-exec-1] ==> Parameters: salmon(String)
[23:31:30.016][DEBUG][c.s.h.mall.dao.UserMapper.checkUsername][http-nio-8080-exec-1] <==      Total: 1
[23:31:30.030][DEBUG][c.s.h.mall.dao.UserMapper.selectLogin][http-nio-8080-exec-1] ==>  Preparing: SELECT id, username, password, email, phone, question, answer, role, create_time, update_time from rmmall_user where username = ? and password = ? 
[23:31:30.030][DEBUG][c.s.h.mall.dao.UserMapper.selectLogin][http-nio-8080-exec-1] ==> Parameters: salmon(String), 5B34BF4B65B9CF4A0734F2F7B50D08A9(String)
[23:31:30.035][DEBUG][c.s.h.mall.dao.UserMapper.selectLogin][http-nio-8080-exec-1] <==      Total: 1
[23:32:50.766][INFO][c.s.happyrmmall.mall.MallApplication][main] Starting MallApplication on LAPTOP-V4H9DOTD with PID 98228 (D:\code\happyrmmall-2.0.1\target\classes started by salmon in D:\code\happyrmmall-2.0.1)
[23:32:50.766][INFO][c.s.happyrmmall.mall.MallApplication][main] No active profile set, falling back to default profiles: default
[23:33:01.524][INFO][c.s.happyrmmall.mall.MallApplication][main] Started MallApplication in 11.204 seconds (JVM running for 13.039)
[23:33:06.104][DEBUG][c.s.h.mall.dao.UserMapper.checkUsername][http-nio-8080-exec-1] ==>  Preparing: select count(1) from rmmall_user where username = ? 
[23:33:06.138][DEBUG][c.s.h.mall.dao.UserMapper.checkUsername][http-nio-8080-exec-1] ==> Parameters: salmon(String)
[23:33:06.190][DEBUG][c.s.h.mall.dao.UserMapper.checkUsername][http-nio-8080-exec-1] <==      Total: 1
[23:33:06.205][DEBUG][c.s.h.mall.dao.UserMapper.selectLogin][http-nio-8080-exec-1] ==>  Preparing: SELECT id, username, password, email, phone, question, answer, role, create_time, update_time from rmmall_user where username = ? and password = ? 
[23:33:06.206][DEBUG][c.s.h.mall.dao.UserMapper.selectLogin][http-nio-8080-exec-1] ==> Parameters: salmon(String), 5B34BF4B65B9CF4A0734F2F7B50D08A9(String)
[23:33:06.211][DEBUG][c.s.h.mall.dao.UserMapper.selectLogin][http-nio-8080-exec-1] <==      Total: 1
[23:45:59.900][INFO][c.s.happyrmmall.mall.MallApplication][main] Starting MallApplication on LAPTOP-V4H9DOTD with PID 101704 (D:\code\happyrmmall-2.0.1\target\classes started by salmon in D:\code\happyrmmall-2.0.1)
[23:45:59.901][INFO][c.s.happyrmmall.mall.MallApplication][main] No active profile set, falling back to default profiles: default
[23:46:06.635][INFO][c.s.happyrmmall.mall.MallApplication][main] Started MallApplication in 7.117 seconds (JVM running for 8.825)
[23:46:46.386][DEBUG][c.s.h.mall.dao.UserMapper.checkUsername][http-nio-8080-exec-1] ==>  Preparing: select count(1) from rmmall_user where username = ? 
[23:46:46.405][DEBUG][c.s.h.mall.dao.UserMapper.checkUsername][http-nio-8080-exec-1] ==> Parameters: salmon(String)
[23:46:46.427][DEBUG][c.s.h.mall.dao.UserMapper.checkUsername][http-nio-8080-exec-1] <==      Total: 1
[23:46:46.437][DEBUG][c.s.h.mall.dao.UserMapper.selectLogin][http-nio-8080-exec-1] ==>  Preparing: SELECT id, username, password, email, phone, question, answer, role, create_time, update_time from rmmall_user where username = ? and password = ? 
[23:46:46.438][DEBUG][c.s.h.mall.dao.UserMapper.selectLogin][http-nio-8080-exec-1] ==> Parameters: salmon(String), 5B34BF4B65B9CF4A0734F2F7B50D08A9(String)
[23:46:46.441][DEBUG][c.s.h.mall.dao.UserMapper.selectLogin][http-nio-8080-exec-1] <==      Total: 1
